<?xml version="1.0" encoding="UTF-8"?>
<coverage generated="1682341765">
  <project timestamp="1682341765">
    <file name="/Users/joej/Kodus2/linux-bash-helper/src/Bash.php">
      <class name="CodeHqDk\LinuxBashHelper\Bash" namespace="global">
        <metrics complexity="4" methods="1" coveredmethods="0" conditionals="0" coveredconditionals="0" statements="14" coveredstatements="7" elements="15" coveredelements="7"/>
      </class>
      <line num="12" type="method" name="runCommand" visibility="public" complexity="4" crap="6.00" count="5"/>
      <line num="14" type="stmt" count="5"/>
      <line num="15" type="stmt" count="0"/>
      <line num="16" type="stmt" count="0"/>
      <line num="17" type="stmt" count="0"/>
      <line num="18" type="stmt" count="0"/>
      <line num="19" type="stmt" count="0"/>
      <line num="20" type="stmt" count="0"/>
      <line num="23" type="stmt" count="5"/>
      <line num="25" type="stmt" count="5"/>
      <line num="26" type="stmt" count="1"/>
      <line num="27" type="stmt" count="1"/>
      <line num="30" type="stmt" count="4"/>
      <line num="31" type="stmt" count="0"/>
      <line num="34" type="stmt" count="4"/>
      <metrics loc="37" ncloc="34" classes="1" methods="1" coveredmethods="0" conditionals="0" coveredconditionals="0" statements="14" coveredstatements="7" elements="15" coveredelements="7"/>
    </file>
    <file name="/Users/joej/Kodus2/linux-bash-helper/src/Environment.php">
      <class name="CodeHqDk\LinuxBashHelper\Environment" namespace="global">
        <metrics complexity="6" methods="3" coveredmethods="0" conditionals="0" coveredconditionals="0" statements="15" coveredstatements="12" elements="18" coveredelements="12"/>
      </class>
      <line num="20" type="method" name="getPhpPath" visibility="public" complexity="2" crap="2.03" count="1"/>
      <line num="22" type="stmt" count="1"/>
      <line num="23" type="stmt" count="1"/>
      <line num="25" type="stmt" count="1"/>
      <line num="26" type="stmt" count="0"/>
      <line num="29" type="stmt" count="1"/>
      <line num="35" type="method" name="getComposerPath" visibility="public" complexity="2" crap="2.03" count="1"/>
      <line num="37" type="stmt" count="1"/>
      <line num="38" type="stmt" count="1"/>
      <line num="40" type="stmt" count="1"/>
      <line num="41" type="stmt" count="0"/>
      <line num="44" type="stmt" count="1"/>
      <line num="50" type="method" name="getGitPath" visibility="public" complexity="2" crap="2.03" count="1"/>
      <line num="52" type="stmt" count="1"/>
      <line num="53" type="stmt" count="1"/>
      <line num="55" type="stmt" count="1"/>
      <line num="56" type="stmt" count="0"/>
      <line num="59" type="stmt" count="1"/>
      <metrics loc="62" ncloc="53" classes="1" methods="3" coveredmethods="0" conditionals="0" coveredconditionals="0" statements="15" coveredstatements="12" elements="18" coveredelements="12"/>
    </file>
    <file name="/Users/joej/Kodus2/linux-bash-helper/src/ErrorCodes.php">
      <class name="CodeHqDk\LinuxBashHelper\ErrorCodes" namespace="global">
        <metrics complexity="0" methods="0" coveredmethods="0" conditionals="0" coveredconditionals="0" statements="0" coveredstatements="0" elements="0" coveredelements="0"/>
      </class>
      <metrics loc="30" ncloc="27" classes="0" methods="0" coveredmethods="0" conditionals="0" coveredconditionals="0" statements="0" coveredstatements="0" elements="0" coveredelements="0"/>
    </file>
    <file name="/Users/joej/Kodus2/linux-bash-helper/src/Exception/LinuxBashHelperException.php">
      <class name="CodeHqDk\LinuxBashHelper\Exception\LinuxBashHelperException" namespace="global">
        <metrics complexity="0" methods="0" coveredmethods="0" conditionals="0" coveredconditionals="0" statements="0" coveredstatements="0" elements="0" coveredelements="0"/>
      </class>
      <metrics loc="9" ncloc="9" classes="0" methods="0" coveredmethods="0" conditionals="0" coveredconditionals="0" statements="0" coveredstatements="0" elements="0" coveredelements="0"/>
    </file>
    <metrics files="4" loc="138" ncloc="123" classes="2" methods="4" coveredmethods="0" conditionals="0" coveredconditionals="0" statements="29" coveredstatements="19" elements="33" coveredelements="19"/>
  </project>
</coverage>
