<?xml version="1.0" encoding="UTF-8"?>
<coverage generated="1676913358">
  <project timestamp="1676913358">
    <file name="/home/jesper_privat/web-udvikling/linux-bash-helper/src/Bash.php">
      <class name="CodeHqDk\LinuxBashHelper\Bash" namespace="global">
        <metrics complexity="3" methods="1" coveredmethods="0" conditionals="0" coveredconditionals="0" statements="7" coveredstatements="6" elements="8" coveredelements="6"/>
      </class>
      <line num="12" type="method" name="runCommand" visibility="public" complexity="3" crap="3.03" count="5"/>
      <line num="14" type="stmt" count="5"/>
      <line num="16" type="stmt" count="5"/>
      <line num="17" type="stmt" count="1"/>
      <line num="18" type="stmt" count="1"/>
      <line num="21" type="stmt" count="4"/>
      <line num="22" type="stmt" count="0"/>
      <line num="25" type="stmt" count="4"/>
      <metrics loc="27" ncloc="24" classes="1" methods="1" coveredmethods="0" conditionals="0" coveredconditionals="0" statements="7" coveredstatements="6" elements="8" coveredelements="6"/>
    </file>
    <file name="/home/jesper_privat/web-udvikling/linux-bash-helper/src/Environment.php">
      <class name="CodeHqDk\LinuxBashHelper\Environment" namespace="global">
        <metrics complexity="6" methods="3" coveredmethods="0" conditionals="0" coveredconditionals="0" statements="15" coveredstatements="12" elements="18" coveredelements="12"/>
      </class>
      <line num="19" type="method" name="getPhpPath" visibility="public" complexity="2" crap="2.03" count="1"/>
      <line num="21" type="stmt" count="1"/>
      <line num="22" type="stmt" count="1"/>
      <line num="24" type="stmt" count="1"/>
      <line num="25" type="stmt" count="0"/>
      <line num="28" type="stmt" count="1"/>
      <line num="34" type="method" name="getComposerPath" visibility="public" complexity="2" crap="2.03" count="1"/>
      <line num="36" type="stmt" count="1"/>
      <line num="37" type="stmt" count="1"/>
      <line num="39" type="stmt" count="1"/>
      <line num="40" type="stmt" count="0"/>
      <line num="43" type="stmt" count="1"/>
      <line num="49" type="method" name="getGitPath" visibility="public" complexity="2" crap="2.03" count="1"/>
      <line num="51" type="stmt" count="1"/>
      <line num="52" type="stmt" count="1"/>
      <line num="54" type="stmt" count="1"/>
      <line num="55" type="stmt" count="0"/>
      <line num="58" type="stmt" count="1"/>
      <metrics loc="61" ncloc="52" classes="1" methods="3" coveredmethods="0" conditionals="0" coveredconditionals="0" statements="15" coveredstatements="12" elements="18" coveredelements="12"/>
    </file>
    <file name="/home/jesper_privat/web-udvikling/linux-bash-helper/src/ErrorCodes.php">
      <class name="CodeHqDk\LinuxBashHelper\ErrorCodes" namespace="global">
        <metrics complexity="0" methods="0" coveredmethods="0" conditionals="0" coveredconditionals="0" statements="0" coveredstatements="0" elements="0" coveredelements="0"/>
      </class>
      <metrics loc="30" ncloc="27" classes="0" methods="0" coveredmethods="0" conditionals="0" coveredconditionals="0" statements="0" coveredstatements="0" elements="0" coveredelements="0"/>
    </file>
    <file name="/home/jesper_privat/web-udvikling/linux-bash-helper/src/Exception/LinuxBashHelperException.php">
      <class name="CodeHqDk\LinuxBashHelper\Exception\LinuxBashHelperException" namespace="global">
        <metrics complexity="0" methods="0" coveredmethods="0" conditionals="0" coveredconditionals="0" statements="0" coveredstatements="0" elements="0" coveredelements="0"/>
      </class>
      <metrics loc="9" ncloc="9" classes="0" methods="0" coveredmethods="0" conditionals="0" coveredconditionals="0" statements="0" coveredstatements="0" elements="0" coveredelements="0"/>
    </file>
    <metrics files="4" loc="127" ncloc="112" classes="2" methods="4" coveredmethods="0" conditionals="0" coveredconditionals="0" statements="22" coveredstatements="18" elements="26" coveredelements="18"/>
  </project>
</coverage>
